2016-09-08 07:03:53 Notice: Notice (8): Undefined variable: prueba in [C:\wamp\www\sip_dev\src\Controller\BusquedasController.php, line 112]
Request URL: /sip_dev/busquedas/simple.json
Trace:
Cake\Error\BaseErrorHandler::handleError() - CORE\src\Error\BaseErrorHandler.php, line 146
App\Controller\BusquedasController::simple() - APP/Controller\BusquedasController.php, line 112
Cake\Controller\Controller::invokeAction() - CORE\src\Controller\Controller.php, line 435
Cake\Routing\Dispatcher::_invoke() - CORE\src\Routing\Dispatcher.php, line 115
Cake\Routing\Dispatcher::dispatch() - CORE\src\Routing\Dispatcher.php, line 88
[main] - ROOT\webroot\index.php, line 37



2016-09-08 07:03:53 Notice: Notice (8): Undefined variable:  in [C:\wamp\www\sip_dev\src\Controller\BusquedasController.php, line 112]
Request URL: /sip_dev/busquedas/simple.json
Trace:
Cake\Error\BaseErrorHandler::handleError() - CORE\src\Error\BaseErrorHandler.php, line 146
App\Controller\BusquedasController::simple() - APP/Controller\BusquedasController.php, line 112
Cake\Controller\Controller::invokeAction() - CORE\src\Controller\Controller.php, line 435
Cake\Routing\Dispatcher::_invoke() - CORE\src\Routing\Dispatcher.php, line 115
Cake\Routing\Dispatcher::dispatch() - CORE\src\Routing\Dispatcher.php, line 88
[main] - ROOT\webroot\index.php, line 37



2016-09-08 07:03:53 Notice: Notice (8): Undefined variable:  in [C:\wamp\www\sip_dev\src\Controller\BusquedasController.php, line 112]
Request URL: /sip_dev/busquedas/simple.json
Trace:
Cake\Error\BaseErrorHandler::handleError() - CORE\src\Error\BaseErrorHandler.php, line 146
App\Controller\BusquedasController::simple() - APP/Controller\BusquedasController.php, line 112
Cake\Controller\Controller::invokeAction() - CORE\src\Controller\Controller.php, line 435
Cake\Routing\Dispatcher::_invoke() - CORE\src\Routing\Dispatcher.php, line 115
Cake\Routing\Dispatcher::dispatch() - CORE\src\Routing\Dispatcher.php, line 88
[main] - ROOT\webroot\index.php, line 37



2016-09-08 07:05:47 Notice: Notice (8): Trying to get property of non-object in [C:\wamp\www\sip_dev\src\Controller\BusquedasController.php, line 111]
Request URL: /sip_dev/busquedas/simple.json
Trace:
Cake\Error\BaseErrorHandler::handleError() - CORE\src\Error\BaseErrorHandler.php, line 146
App\Controller\BusquedasController::simple() - APP/Controller\BusquedasController.php, line 111
Cake\Controller\Controller::invokeAction() - CORE\src\Controller\Controller.php, line 435
Cake\Routing\Dispatcher::_invoke() - CORE\src\Routing\Dispatcher.php, line 115
Cake\Routing\Dispatcher::dispatch() - CORE\src\Routing\Dispatcher.php, line 88
[main] - ROOT\webroot\index.php, line 37



2016-09-08 07:05:48 Notice: Notice (8): Trying to get property of non-object in [C:\wamp\www\sip_dev\src\Controller\BusquedasController.php, line 111]
Request URL: /sip_dev/busquedas/simple.json
Trace:
Cake\Error\BaseErrorHandler::handleError() - CORE\src\Error\BaseErrorHandler.php, line 146
App\Controller\BusquedasController::simple() - APP/Controller\BusquedasController.php, line 111
Cake\Controller\Controller::invokeAction() - CORE\src\Controller\Controller.php, line 435
Cake\Routing\Dispatcher::_invoke() - CORE\src\Routing\Dispatcher.php, line 115
Cake\Routing\Dispatcher::dispatch() - CORE\src\Routing\Dispatcher.php, line 88
[main] - ROOT\webroot\index.php, line 37



2016-09-08 07:05:48 Notice: Notice (8): Trying to get property of non-object in [C:\wamp\www\sip_dev\src\Controller\BusquedasController.php, line 111]
Request URL: /sip_dev/busquedas/simple.json
Trace:
Cake\Error\BaseErrorHandler::handleError() - CORE\src\Error\BaseErrorHandler.php, line 146
App\Controller\BusquedasController::simple() - APP/Controller\BusquedasController.php, line 111
Cake\Controller\Controller::invokeAction() - CORE\src\Controller\Controller.php, line 435
Cake\Routing\Dispatcher::_invoke() - CORE\src\Routing\Dispatcher.php, line 115
Cake\Routing\Dispatcher::dispatch() - CORE\src\Routing\Dispatcher.php, line 88
[main] - ROOT\webroot\index.php, line 37



2016-09-08 07:05:48 Notice: Notice (8): Trying to get property of non-object in [C:\wamp\www\sip_dev\src\Controller\BusquedasController.php, line 111]
Request URL: /sip_dev/busquedas/simple.json
Trace:
Cake\Error\BaseErrorHandler::handleError() - CORE\src\Error\BaseErrorHandler.php, line 146
App\Controller\BusquedasController::simple() - APP/Controller\BusquedasController.php, line 111
Cake\Controller\Controller::invokeAction() - CORE\src\Controller\Controller.php, line 435
Cake\Routing\Dispatcher::_invoke() - CORE\src\Routing\Dispatcher.php, line 115
Cake\Routing\Dispatcher::dispatch() - CORE\src\Routing\Dispatcher.php, line 88
[main] - ROOT\webroot\index.php, line 37



2016-09-08 07:05:48 Notice: Notice (8): Trying to get property of non-object in [C:\wamp\www\sip_dev\src\Controller\BusquedasController.php, line 111]
Request URL: /sip_dev/busquedas/simple.json
Trace:
Cake\Error\BaseErrorHandler::handleError() - CORE\src\Error\BaseErrorHandler.php, line 146
App\Controller\BusquedasController::simple() - APP/Controller\BusquedasController.php, line 111
Cake\Controller\Controller::invokeAction() - CORE\src\Controller\Controller.php, line 435
Cake\Routing\Dispatcher::_invoke() - CORE\src\Routing\Dispatcher.php, line 115
Cake\Routing\Dispatcher::dispatch() - CORE\src\Routing\Dispatcher.php, line 88
[main] - ROOT\webroot\index.php, line 37



2016-09-08 07:05:48 Notice: Notice (8): Trying to get property of non-object in [C:\wamp\www\sip_dev\src\Controller\BusquedasController.php, line 111]
Request URL: /sip_dev/busquedas/simple.json
Trace:
Cake\Error\BaseErrorHandler::handleError() - CORE\src\Error\BaseErrorHandler.php, line 146
App\Controller\BusquedasController::simple() - APP/Controller\BusquedasController.php, line 111
Cake\Controller\Controller::invokeAction() - CORE\src\Controller\Controller.php, line 435
Cake\Routing\Dispatcher::_invoke() - CORE\src\Routing\Dispatcher.php, line 115
Cake\Routing\Dispatcher::dispatch() - CORE\src\Routing\Dispatcher.php, line 88
[main] - ROOT\webroot\index.php, line 37



2016-09-08 07:05:48 Notice: Notice (8): Trying to get property of non-object in [C:\wamp\www\sip_dev\src\Controller\BusquedasController.php, line 111]
Request URL: /sip_dev/busquedas/simple.json
Trace:
Cake\Error\BaseErrorHandler::handleError() - CORE\src\Error\BaseErrorHandler.php, line 146
App\Controller\BusquedasController::simple() - APP/Controller\BusquedasController.php, line 111
Cake\Controller\Controller::invokeAction() - CORE\src\Controller\Controller.php, line 435
Cake\Routing\Dispatcher::_invoke() - CORE\src\Routing\Dispatcher.php, line 115
Cake\Routing\Dispatcher::dispatch() - CORE\src\Routing\Dispatcher.php, line 88
[main] - ROOT\webroot\index.php, line 37



2016-09-08 07:05:48 Notice: Notice (8): Trying to get property of non-object in [C:\wamp\www\sip_dev\src\Controller\BusquedasController.php, line 111]
Request URL: /sip_dev/busquedas/simple.json
Trace:
Cake\Error\BaseErrorHandler::handleError() - CORE\src\Error\BaseErrorHandler.php, line 146
App\Controller\BusquedasController::simple() - APP/Controller\BusquedasController.php, line 111
Cake\Controller\Controller::invokeAction() - CORE\src\Controller\Controller.php, line 435
Cake\Routing\Dispatcher::_invoke() - CORE\src\Routing\Dispatcher.php, line 115
Cake\Routing\Dispatcher::dispatch() - CORE\src\Routing\Dispatcher.php, line 88
[main] - ROOT\webroot\index.php, line 37



2016-09-08 07:05:48 Notice: Notice (8): Trying to get property of non-object in [C:\wamp\www\sip_dev\src\Controller\BusquedasController.php, line 111]
Request URL: /sip_dev/busquedas/simple.json
Trace:
Cake\Error\BaseErrorHandler::handleError() - CORE\src\Error\BaseErrorHandler.php, line 146
App\Controller\BusquedasController::simple() - APP/Controller\BusquedasController.php, line 111
Cake\Controller\Controller::invokeAction() - CORE\src\Controller\Controller.php, line 435
Cake\Routing\Dispatcher::_invoke() - CORE\src\Routing\Dispatcher.php, line 115
Cake\Routing\Dispatcher::dispatch() - CORE\src\Routing\Dispatcher.php, line 88
[main] - ROOT\webroot\index.php, line 37



2016-09-08 07:05:48 Notice: Notice (8): Trying to get property of non-object in [C:\wamp\www\sip_dev\src\Controller\BusquedasController.php, line 111]
Request URL: /sip_dev/busquedas/simple.json
Trace:
Cake\Error\BaseErrorHandler::handleError() - CORE\src\Error\BaseErrorHandler.php, line 146
App\Controller\BusquedasController::simple() - APP/Controller\BusquedasController.php, line 111
Cake\Controller\Controller::invokeAction() - CORE\src\Controller\Controller.php, line 435
Cake\Routing\Dispatcher::_invoke() - CORE\src\Routing\Dispatcher.php, line 115
Cake\Routing\Dispatcher::dispatch() - CORE\src\Routing\Dispatcher.php, line 88
[main] - ROOT\webroot\index.php, line 37



2016-09-11 01:38:03 Notice: Notice (8): Undefined index: indicadores in [C:\wamp\www\sip_dev\src\Controller\AccionSolicitudController.php, line 79]
Request URL: /sip_dev/accion-solicitud/responder-solicitud/44
Referer URL: http://localhost/sip_dev/accion-solicitud/responder-solicitud/44
Trace:
Cake\Error\BaseErrorHandler::handleError() - CORE\src\Error\BaseErrorHandler.php, line 146
App\Controller\AccionSolicitudController::responderSolicitud() - APP/Controller\AccionSolicitudController.php, line 79
Cake\Controller\Controller::invokeAction() - CORE\src\Controller\Controller.php, line 435
Cake\Routing\Dispatcher::_invoke() - CORE\src\Routing\Dispatcher.php, line 115
Cake\Routing\Dispatcher::dispatch() - CORE\src\Routing\Dispatcher.php, line 88
[main] - ROOT\webroot\index.php, line 37



2016-09-11 02:02:42 Notice: Notice (8): Undefined index: indicadores_consolidado in [C:\wamp\www\sip_dev\src\Controller\AutorizacionsController.php, line 278]
Request URL: /sip_dev/autorizacions/aprobar-accion/29
Referer URL: http://localhost/sip_dev/autorizacions/aprobar-accion/29
Trace:
Cake\Error\BaseErrorHandler::handleError() - CORE\src\Error\BaseErrorHandler.php, line 146
App\Controller\AutorizacionsController::aprobarAccion() - APP/Controller\AutorizacionsController.php, line 278
Cake\Controller\Controller::invokeAction() - CORE\src\Controller\Controller.php, line 435
Cake\Routing\Dispatcher::_invoke() - CORE\src\Routing\Dispatcher.php, line 115
Cake\Routing\Dispatcher::dispatch() - CORE\src\Routing\Dispatcher.php, line 88
[main] - ROOT\webroot\index.php, line 37



2016-09-12 02:12:05 Notice: Notice (8): Trying to get property of non-object in [C:\wamp\www\sip_dev\src\Template\Autorizacions\aprobar_accion.ctp, line 197]
Request URL: /sip_dev/autorizacions/aprobar-accion/3
Referer URL: http://localhost/sip_dev/
Trace:
Cake\Error\BaseErrorHandler::handleError() - CORE\src\Error\BaseErrorHandler.php, line 146
include - APP/Template\Autorizacions\aprobar_accion.ctp, line 197
Cake\View\View::_evaluate() - CORE\src\View\View.php, line 1005
Cake\View\View::_render() - CORE\src\View\View.php, line 964
Cake\View\View::render() - CORE\src\View\View.php, line 588
Cake\Controller\Controller::render() - CORE\src\Controller\Controller.php, line 617
Cake\Routing\Dispatcher::_invoke() - CORE\src\Routing\Dispatcher.php, line 121
Cake\Routing\Dispatcher::dispatch() - CORE\src\Routing\Dispatcher.php, line 88
[main] - ROOT\webroot\index.php, line 37



2016-09-12 02:57:12 Notice: Notice (8): Undefined variable: finder in [C:\wamp\www\sip_dev\vendor\cakephp\cakephp\src\ORM\Query.php, line 1036]
Request URL: /sip_dev/busquedas/parametricas.json
Trace:
Cake\Error\BaseErrorHandler::handleError() - CORE\src\Error\BaseErrorHandler.php, line 146
Cake\ORM\Query::find() - CORE\src\ORM\Query.php, line 1036
App\Controller\BusquedasController::parametrosBusqueda() - APP/Controller\BusquedasController.php, line 30
Cake\Controller\Controller::invokeAction() - CORE\src\Controller\Controller.php, line 435
Cake\Routing\Dispatcher::_invoke() - CORE\src\Routing\Dispatcher.php, line 115
Cake\Routing\Dispatcher::dispatch() - CORE\src\Routing\Dispatcher.php, line 88
[main] - ROOT\webroot\index.php, line 37



2016-09-12 04:13:30 Notice: Notice (8): Undefined variable: isset in [C:\wamp\www\sip_dev\src\Controller\BusquedasController.php, line 271]
Request URL: /sip_dev/busquedas/avanzada.json
Trace:
Cake\Error\BaseErrorHandler::handleError() - CORE\src\Error\BaseErrorHandler.php, line 146
App\Controller\BusquedasController::avanzada() - APP/Controller\BusquedasController.php, line 271
Cake\Controller\Controller::invokeAction() - CORE\src\Controller\Controller.php, line 435
Cake\Routing\Dispatcher::_invoke() - CORE\src\Routing\Dispatcher.php, line 115
Cake\Routing\Dispatcher::dispatch() - CORE\src\Routing\Dispatcher.php, line 88
[main] - ROOT\webroot\index.php, line 37



2016-09-12 04:18:39 Notice: Notice (8): Undefined variable: finder in [C:\wamp\www\sip_dev\vendor\cakephp\cakephp\src\ORM\Query.php, line 1036]
Request URL: /sip_dev/busquedas/avanzada.json
Trace:
Cake\Error\BaseErrorHandler::handleError() - CORE\src\Error\BaseErrorHandler.php, line 146
Cake\ORM\Query::find() - CORE\src\ORM\Query.php, line 1036
App\Controller\BusquedasController::avanzada() - APP/Controller\BusquedasController.php, line 273
Cake\Controller\Controller::invokeAction() - CORE\src\Controller\Controller.php, line 435
Cake\Routing\Dispatcher::_invoke() - CORE\src\Routing\Dispatcher.php, line 115
Cake\Routing\Dispatcher::dispatch() - CORE\src\Routing\Dispatcher.php, line 88
[main] - ROOT\webroot\index.php, line 37



2016-09-12 04:18:56 Notice: Notice (8): Undefined variable: derechos_filtro in [C:\wamp\www\sip_dev\src\Controller\BusquedasController.php, line 275]
Request URL: /sip_dev/busquedas/avanzada.json
Trace:
Cake\Error\BaseErrorHandler::handleError() - CORE\src\Error\BaseErrorHandler.php, line 146
App\Controller\BusquedasController::App\Controller\{closure}() - APP/Controller\BusquedasController.php, line 275
Cake\ORM\Association::attachTo() - CORE\src\ORM\Association.php, line 581
Cake\ORM\EagerLoader::attachAssociations() - CORE\src\ORM\EagerLoader.php, line 360
Cake\ORM\Query::_transformQuery() - CORE\src\ORM\Query.php, line 981
Cake\ORM\Query::sql() - CORE\src\ORM\Query.php, line 932
Cake\Database\Driver\Mysql::prepare() - CORE\src\Database\Driver\Mysql.php, line 122
Cake\Database\Connection::prepare() - CORE\src\Database\Connection.php, line 221
Cake\Database\Connection::run() - CORE\src\Database\Connection.php, line 274
Cake\Database\Query::execute() - CORE\src\Database\Query.php, line 189
Cake\ORM\Query::_execute() - CORE\src\ORM\Query.php, line 954
Cake\ORM\Query::_all() - CORE\src\Datasource\QueryTrait.php, line 277
Cake\ORM\Query::all() - CORE\src\ORM\Query.php, line 902
Cake\ORM\Query::getIterator() - CORE\src\Datasource\QueryTrait.php, line 133
App\Controller\BusquedasController::avanzada() - APP/Controller\BusquedasController.php, line 286
Cake\Controller\Controller::invokeAction() - CORE\src\Controller\Controller.php, line 435
Cake\Routing\Dispatcher::_invoke() - CORE\src\Routing\Dispatcher.php, line 115
Cake\Routing\Dispatcher::dispatch() - CORE\src\Routing\Dispatcher.php, line 88
[main] - ROOT\webroot\index.php, line 37



2016-09-12 04:18:56 Notice: Notice (8): Undefined variable: derechos_filtro in [C:\wamp\www\sip_dev\src\Controller\BusquedasController.php, line 275]
Request URL: /sip_dev/busquedas/avanzada.json
Trace:
Cake\Error\BaseErrorHandler::handleError() - CORE\src\Error\BaseErrorHandler.php, line 146
App\Controller\BusquedasController::App\Controller\{closure}() - APP/Controller\BusquedasController.php, line 275
Cake\ORM\Association::attachTo() - CORE\src\ORM\Association.php, line 581
Cake\ORM\EagerLoader::attachAssociations() - CORE\src\ORM\EagerLoader.php, line 360
Cake\ORM\Query::_transformQuery() - CORE\src\ORM\Query.php, line 981
Cake\ORM\Query::sql() - CORE\src\ORM\Query.php, line 932
Cake\Database\Driver\Mysql::prepare() - CORE\src\Database\Driver\Mysql.php, line 122
Cake\Database\Connection::prepare() - CORE\src\Database\Connection.php, line 221
Cake\Database\Connection::run() - CORE\src\Database\Connection.php, line 274
Cake\Database\Query::execute() - CORE\src\Database\Query.php, line 189
Cake\ORM\Query::_execute() - CORE\src\ORM\Query.php, line 954
Cake\ORM\Query::_all() - CORE\src\Datasource\QueryTrait.php, line 277
Cake\ORM\Query::all() - CORE\src\ORM\Query.php, line 902
Cake\ORM\Query::toArray() - CORE\src\Datasource\QueryTrait.php, line 294
DebugKit\Panel\VariablesPanel::DebugKit\Panel\{closure}() - ROOT\vendor\cakephp\debug_kit\src\Panel\VariablesPanel.php, line 81
array_walk_recursive - [internal], line ??
DebugKit\Panel\VariablesPanel::shutdown() - ROOT\vendor\cakephp\debug_kit\src\Panel\VariablesPanel.php, line 110
Cake\Event\EventManager::_callListener() - CORE\src\Event\EventManager.php, line 421
Cake\Event\EventManager::dispatch() - CORE\src\Event\EventManager.php, line 386
Cake\Controller\Controller::dispatchEvent() - CORE\src\Event\EventDispatcherTrait.php, line 79
Cake\Error\ExceptionRenderer::_shutdown() - CORE\src\Error\ExceptionRenderer.php, line 381
Cake\Error\ExceptionRenderer::_outputMessage() - CORE\src\Error\ExceptionRenderer.php, line 329
Cake\Error\ExceptionRenderer::render() - CORE\src\Error\ExceptionRenderer.php, line 194
Cake\Error\ErrorHandler::_displayException() - CORE\src\Error\ErrorHandler.php, line 144
Cake\Error\BaseErrorHandler::handleException() - CORE\src\Error\BaseErrorHandler.php, line 180
Cake\Error\BaseErrorHandler::wrapAndHandleException() - CORE\src\Error\BaseErrorHandler.php, line 164
[main] - [internal], line ??



2016-09-12 04:18:56 Notice: Notice (8): Undefined variable: derechos_filtro in [C:\wamp\www\sip_dev\src\Controller\BusquedasController.php, line 275]
Request URL: /sip_dev/busquedas/avanzada.json
Trace:
Cake\Error\BaseErrorHandler::handleError() - CORE\src\Error\BaseErrorHandler.php, line 146
App\Controller\BusquedasController::App\Controller\{closure}() - APP/Controller\BusquedasController.php, line 275
Cake\ORM\Association::attachTo() - CORE\src\ORM\Association.php, line 581
Cake\ORM\EagerLoader::attachAssociations() - CORE\src\ORM\EagerLoader.php, line 360
Cake\ORM\Query::_transformQuery() - CORE\src\ORM\Query.php, line 981
Cake\ORM\Query::sql() - CORE\src\ORM\Query.php, line 932
Cake\Database\Driver\Mysql::prepare() - CORE\src\Database\Driver\Mysql.php, line 122
Cake\Database\Connection::prepare() - CORE\src\Database\Connection.php, line 221
Cake\Database\Connection::run() - CORE\src\Database\Connection.php, line 274
Cake\Database\Query::execute() - CORE\src\Database\Query.php, line 189
Cake\ORM\Query::_execute() - CORE\src\ORM\Query.php, line 954
Cake\ORM\Query::_all() - CORE\src\Datasource\QueryTrait.php, line 277
Cake\ORM\Query::all() - CORE\src\ORM\Query.php, line 902
Cake\ORM\Query::toArray() - CORE\src\Datasource\QueryTrait.php, line 294
DebugKit\Panel\VariablesPanel::DebugKit\Panel\{closure}() - ROOT\vendor\cakephp\debug_kit\src\Panel\VariablesPanel.php, line 81
array_walk_recursive - [internal], line ??
DebugKit\Panel\VariablesPanel::shutdown() - ROOT\vendor\cakephp\debug_kit\src\Panel\VariablesPanel.php, line 110
Cake\Event\EventManager::_callListener() - CORE\src\Event\EventManager.php, line 421
Cake\Event\EventManager::dispatch() - CORE\src\Event\EventManager.php, line 386
Cake\Controller\Controller::dispatchEvent() - CORE\src\Event\EventDispatcherTrait.php, line 79
Cake\Error\ExceptionRenderer::_shutdown() - CORE\src\Error\ExceptionRenderer.php, line 381
Cake\Error\ExceptionRenderer::_outputMessage() - CORE\src\Error\ExceptionRenderer.php, line 329
Cake\Error\ExceptionRenderer::render() - CORE\src\Error\ExceptionRenderer.php, line 194
Cake\Error\ErrorHandler::_displayException() - CORE\src\Error\ErrorHandler.php, line 144
Cake\Error\BaseErrorHandler::handleException() - CORE\src\Error\BaseErrorHandler.php, line 180
Cake\Error\BaseErrorHandler::wrapAndHandleException() - CORE\src\Error\BaseErrorHandler.php, line 164
[main] - [internal], line ??



2016-09-12 04:18:56 Notice: Notice (8): Undefined variable: derechos_filtro in [C:\wamp\www\sip_dev\src\Controller\BusquedasController.php, line 275]
Request URL: /sip_dev/busquedas/avanzada.json
Trace:
Cake\Error\BaseErrorHandler::handleError() - CORE\src\Error\BaseErrorHandler.php, line 146
App\Controller\BusquedasController::App\Controller\{closure}() - APP/Controller\BusquedasController.php, line 275
Cake\ORM\Association::attachTo() - CORE\src\ORM\Association.php, line 581
Cake\ORM\EagerLoader::attachAssociations() - CORE\src\ORM\EagerLoader.php, line 360
Cake\ORM\Query::_transformQuery() - CORE\src\ORM\Query.php, line 981
Cake\ORM\Query::sql() - CORE\src\ORM\Query.php, line 932
Cake\Database\Driver\Mysql::prepare() - CORE\src\Database\Driver\Mysql.php, line 122
Cake\Database\Connection::prepare() - CORE\src\Database\Connection.php, line 221
Cake\Database\Connection::run() - CORE\src\Database\Connection.php, line 274
Cake\Database\Query::execute() - CORE\src\Database\Query.php, line 189
Cake\ORM\Query::_execute() - CORE\src\ORM\Query.php, line 954
Cake\ORM\Query::_all() - CORE\src\Datasource\QueryTrait.php, line 277
Cake\ORM\Query::all() - CORE\src\ORM\Query.php, line 902
Cake\ORM\Query::toArray() - CORE\src\Datasource\QueryTrait.php, line 294
DebugKit\Panel\VariablesPanel::DebugKit\Panel\{closure}() - ROOT\vendor\cakephp\debug_kit\src\Panel\VariablesPanel.php, line 81
array_walk_recursive - [internal], line ??
DebugKit\Panel\VariablesPanel::shutdown() - ROOT\vendor\cakephp\debug_kit\src\Panel\VariablesPanel.php, line 110
Cake\Event\EventManager::_callListener() - CORE\src\Event\EventManager.php, line 421
Cake\Event\EventManager::dispatch() - CORE\src\Event\EventManager.php, line 386
Cake\Controller\Controller::dispatchEvent() - CORE\src\Event\EventDispatcherTrait.php, line 79
Cake\Error\ExceptionRenderer::_shutdown() - CORE\src\Error\ExceptionRenderer.php, line 381
Cake\Error\ExceptionRenderer::_outputMessage() - CORE\src\Error\ExceptionRenderer.php, line 329
Cake\Error\ExceptionRenderer::render() - CORE\src\Error\ExceptionRenderer.php, line 194
Cake\Error\ErrorHandler::_displayException() - CORE\src\Error\ErrorHandler.php, line 144
Cake\Error\BaseErrorHandler::handleException() - CORE\src\Error\BaseErrorHandler.php, line 180
Cake\Error\BaseErrorHandler::wrapAndHandleException() - CORE\src\Error\BaseErrorHandler.php, line 164
[main] - [internal], line ??



2016-09-12 04:18:56 Notice: Notice (8): Undefined variable: derechos_filtro in [C:\wamp\www\sip_dev\src\Controller\BusquedasController.php, line 275]
Request URL: /sip_dev/busquedas/avanzada.json
Trace:
Cake\Error\BaseErrorHandler::handleError() - CORE\src\Error\BaseErrorHandler.php, line 146
App\Controller\BusquedasController::App\Controller\{closure}() - APP/Controller\BusquedasController.php, line 275
Cake\ORM\Association::attachTo() - CORE\src\ORM\Association.php, line 581
Cake\ORM\EagerLoader::attachAssociations() - CORE\src\ORM\EagerLoader.php, line 360
Cake\ORM\Query::_transformQuery() - CORE\src\ORM\Query.php, line 981
Cake\ORM\Query::sql() - CORE\src\ORM\Query.php, line 932
Cake\Database\Driver\Mysql::prepare() - CORE\src\Database\Driver\Mysql.php, line 122
Cake\Database\Connection::prepare() - CORE\src\Database\Connection.php, line 221
Cake\Database\Connection::run() - CORE\src\Database\Connection.php, line 274
Cake\Database\Query::execute() - CORE\src\Database\Query.php, line 189
Cake\ORM\Query::_execute() - CORE\src\ORM\Query.php, line 954
Cake\ORM\Query::_all() - CORE\src\Datasource\QueryTrait.php, line 277
Cake\ORM\Query::all() - CORE\src\ORM\Query.php, line 902
Cake\ORM\Query::toArray() - CORE\src\Datasource\QueryTrait.php, line 294
DebugKit\Panel\VariablesPanel::DebugKit\Panel\{closure}() - ROOT\vendor\cakephp\debug_kit\src\Panel\VariablesPanel.php, line 81
array_walk_recursive - [internal], line ??
DebugKit\Panel\VariablesPanel::shutdown() - ROOT\vendor\cakephp\debug_kit\src\Panel\VariablesPanel.php, line 110
Cake\Event\EventManager::_callListener() - CORE\src\Event\EventManager.php, line 421
Cake\Event\EventManager::dispatch() - CORE\src\Event\EventManager.php, line 386
Cake\Controller\Controller::dispatchEvent() - CORE\src\Event\EventDispatcherTrait.php, line 79
Cake\Error\ExceptionRenderer::_shutdown() - CORE\src\Error\ExceptionRenderer.php, line 381
Cake\Error\ExceptionRenderer::_outputMessage() - CORE\src\Error\ExceptionRenderer.php, line 329
Cake\Error\ExceptionRenderer::render() - CORE\src\Error\ExceptionRenderer.php, line 194
Cake\Error\ErrorHandler::_displayException() - CORE\src\Error\ErrorHandler.php, line 144
Cake\Error\BaseErrorHandler::handleException() - CORE\src\Error\BaseErrorHandler.php, line 180
Cake\Error\BaseErrorHandler::wrapAndHandleException() - CORE\src\Error\BaseErrorHandler.php, line 164
[main] - [internal], line ??



2016-09-12 04:18:56 Notice: Notice (8): Undefined variable: derechos_filtro in [C:\wamp\www\sip_dev\src\Controller\BusquedasController.php, line 275]
Request URL: /sip_dev/busquedas/avanzada.json
Trace:
Cake\Error\BaseErrorHandler::handleError() - CORE\src\Error\BaseErrorHandler.php, line 146
App\Controller\BusquedasController::App\Controller\{closure}() - APP/Controller\BusquedasController.php, line 275
Cake\ORM\Association::attachTo() - CORE\src\ORM\Association.php, line 581
Cake\ORM\EagerLoader::attachAssociations() - CORE\src\ORM\EagerLoader.php, line 360
Cake\ORM\Query::_transformQuery() - CORE\src\ORM\Query.php, line 981
Cake\ORM\Query::sql() - CORE\src\ORM\Query.php, line 932
Cake\Database\Driver\Mysql::prepare() - CORE\src\Database\Driver\Mysql.php, line 122
Cake\Database\Connection::prepare() - CORE\src\Database\Connection.php, line 221
Cake\Database\Connection::run() - CORE\src\Database\Connection.php, line 274
Cake\Database\Query::execute() - CORE\src\Database\Query.php, line 189
Cake\ORM\Query::_execute() - CORE\src\ORM\Query.php, line 954
Cake\ORM\Query::_all() - CORE\src\Datasource\QueryTrait.php, line 277
Cake\ORM\Query::all() - CORE\src\ORM\Query.php, line 902
Cake\ORM\Query::toArray() - CORE\src\Datasource\QueryTrait.php, line 294
DebugKit\Panel\VariablesPanel::DebugKit\Panel\{closure}() - ROOT\vendor\cakephp\debug_kit\src\Panel\VariablesPanel.php, line 81
array_walk_recursive - [internal], line ??
DebugKit\Panel\VariablesPanel::shutdown() - ROOT\vendor\cakephp\debug_kit\src\Panel\VariablesPanel.php, line 110
Cake\Event\EventManager::_callListener() - CORE\src\Event\EventManager.php, line 421
Cake\Event\EventManager::dispatch() - CORE\src\Event\EventManager.php, line 386
Cake\Controller\Controller::dispatchEvent() - CORE\src\Event\EventDispatcherTrait.php, line 79
Cake\Error\ExceptionRenderer::_shutdown() - CORE\src\Error\ExceptionRenderer.php, line 381
Cake\Error\ExceptionRenderer::_outputMessage() - CORE\src\Error\ExceptionRenderer.php, line 329
Cake\Error\ExceptionRenderer::render() - CORE\src\Error\ExceptionRenderer.php, line 194
Cake\Error\ErrorHandler::_displayException() - CORE\src\Error\ErrorHandler.php, line 144
Cake\Error\BaseErrorHandler::handleException() - CORE\src\Error\BaseErrorHandler.php, line 180
Cake\Error\BaseErrorHandler::wrapAndHandleException() - CORE\src\Error\BaseErrorHandler.php, line 164
[main] - [internal], line ??



2016-09-12 04:18:56 Notice: Notice (8): Undefined variable: derechos_filtro in [C:\wamp\www\sip_dev\src\Controller\BusquedasController.php, line 275]
Request URL: /sip_dev/busquedas/avanzada.json
Trace:
Cake\Error\BaseErrorHandler::handleError() - CORE\src\Error\BaseErrorHandler.php, line 146
App\Controller\BusquedasController::App\Controller\{closure}() - APP/Controller\BusquedasController.php, line 275
Cake\ORM\Association::attachTo() - CORE\src\ORM\Association.php, line 581
Cake\ORM\EagerLoader::attachAssociations() - CORE\src\ORM\EagerLoader.php, line 360
Cake\ORM\Query::_transformQuery() - CORE\src\ORM\Query.php, line 981
Cake\ORM\Query::sql() - CORE\src\ORM\Query.php, line 932
Cake\Database\Driver\Mysql::prepare() - CORE\src\Database\Driver\Mysql.php, line 122
Cake\Database\Connection::prepare() - CORE\src\Database\Connection.php, line 221
Cake\Database\Connection::run() - CORE\src\Database\Connection.php, line 274
Cake\Database\Query::execute() - CORE\src\Database\Query.php, line 189
Cake\ORM\Query::_execute() - CORE\src\ORM\Query.php, line 954
Cake\ORM\Query::_all() - CORE\src\Datasource\QueryTrait.php, line 277
Cake\ORM\Query::all() - CORE\src\ORM\Query.php, line 902
Cake\ORM\Query::toArray() - CORE\src\Datasource\QueryTrait.php, line 294
DebugKit\Panel\VariablesPanel::DebugKit\Panel\{closure}() - ROOT\vendor\cakephp\debug_kit\src\Panel\VariablesPanel.php, line 81
array_walk_recursive - [internal], line ??
DebugKit\Panel\VariablesPanel::shutdown() - ROOT\vendor\cakephp\debug_kit\src\Panel\VariablesPanel.php, line 110
Cake\Event\EventManager::_callListener() - CORE\src\Event\EventManager.php, line 421
Cake\Event\EventManager::dispatch() - CORE\src\Event\EventManager.php, line 386
Cake\Controller\Controller::dispatchEvent() - CORE\src\Event\EventDispatcherTrait.php, line 79
Cake\Error\ExceptionRenderer::_shutdown() - CORE\src\Error\ExceptionRenderer.php, line 381
Cake\Error\ExceptionRenderer::_outputMessage() - CORE\src\Error\ExceptionRenderer.php, line 329
Cake\Error\ExceptionRenderer::render() - CORE\src\Error\ExceptionRenderer.php, line 194
Cake\Error\ErrorHandler::_displayException() - CORE\src\Error\ErrorHandler.php, line 144
Cake\Error\BaseErrorHandler::handleException() - CORE\src\Error\BaseErrorHandler.php, line 180
Cake\Error\BaseErrorHandler::wrapAndHandleException() - CORE\src\Error\BaseErrorHandler.php, line 164
[main] - [internal], line ??



2016-09-12 04:18:56 Notice: Notice (8): Undefined variable: derechos_filtro in [C:\wamp\www\sip_dev\src\Controller\BusquedasController.php, line 275]
Request URL: /sip_dev/busquedas/avanzada.json
Trace:
Cake\Error\BaseErrorHandler::handleError() - CORE\src\Error\BaseErrorHandler.php, line 146
App\Controller\BusquedasController::App\Controller\{closure}() - APP/Controller\BusquedasController.php, line 275
Cake\ORM\Association::attachTo() - CORE\src\ORM\Association.php, line 581
Cake\ORM\EagerLoader::attachAssociations() - CORE\src\ORM\EagerLoader.php, line 360
Cake\ORM\Query::_transformQuery() - CORE\src\ORM\Query.php, line 981
Cake\ORM\Query::sql() - CORE\src\ORM\Query.php, line 932
Cake\Database\Driver\Mysql::prepare() - CORE\src\Database\Driver\Mysql.php, line 122
Cake\Database\Connection::prepare() - CORE\src\Database\Connection.php, line 221
Cake\Database\Connection::run() - CORE\src\Database\Connection.php, line 274
Cake\Database\Query::execute() - CORE\src\Database\Query.php, line 189
Cake\ORM\Query::_execute() - CORE\src\ORM\Query.php, line 954
Cake\ORM\Query::_all() - CORE\src\Datasource\QueryTrait.php, line 277
Cake\ORM\Query::all() - CORE\src\ORM\Query.php, line 902
Cake\ORM\Query::toArray() - CORE\src\Datasource\QueryTrait.php, line 294
DebugKit\Panel\VariablesPanel::DebugKit\Panel\{closure}() - ROOT\vendor\cakephp\debug_kit\src\Panel\VariablesPanel.php, line 81
array_walk_recursive - [internal], line ??
DebugKit\Panel\VariablesPanel::shutdown() - ROOT\vendor\cakephp\debug_kit\src\Panel\VariablesPanel.php, line 110
Cake\Event\EventManager::_callListener() - CORE\src\Event\EventManager.php, line 421
Cake\Event\EventManager::dispatch() - CORE\src\Event\EventManager.php, line 386
Cake\Controller\Controller::dispatchEvent() - CORE\src\Event\EventDispatcherTrait.php, line 79
Cake\Error\ExceptionRenderer::_shutdown() - CORE\src\Error\ExceptionRenderer.php, line 381
Cake\Error\ExceptionRenderer::_outputMessage() - CORE\src\Error\ExceptionRenderer.php, line 329
Cake\Error\ExceptionRenderer::render() - CORE\src\Error\ExceptionRenderer.php, line 194
Cake\Error\ErrorHandler::_displayException() - CORE\src\Error\ErrorHandler.php, line 144
Cake\Error\BaseErrorHandler::handleException() - CORE\src\Error\BaseErrorHandler.php, line 180
Cake\Error\BaseErrorHandler::wrapAndHandleException() - CORE\src\Error\BaseErrorHandler.php, line 164
[main] - [internal], line ??



2016-09-12 17:04:04 Notice: Notice (8): Undefined variable: año_recomendacion in [C:\wamp\www\sip_dev\src\Controller\BusquedasController.php, line 266]
Request URL: /sip_dev/busquedas/avanzada.json
Trace:
Cake\Error\BaseErrorHandler::handleError() - CORE\src\Error\BaseErrorHandler.php, line 146
App\Controller\BusquedasController::avanzada() - APP/Controller\BusquedasController.php, line 266
Cake\Controller\Controller::invokeAction() - CORE\src\Controller\Controller.php, line 435
Cake\Routing\Dispatcher::_invoke() - CORE\src\Routing\Dispatcher.php, line 115
Cake\Routing\Dispatcher::dispatch() - CORE\src\Routing\Dispatcher.php, line 88
[main] - ROOT\webroot\index.php, line 37



2016-09-15 06:54:41 Notice: Notice (8): Undefined index: codigo in [C:\wamp\www\sip_dev\src\Controller\RecomendacionsController.php, line 330]
Request URL: /sip_dev/recomendacions/edit/19
Referer URL: http://localhost/sip_dev/recomendacions/edit/19
Trace:
Cake\Error\BaseErrorHandler::handleError() - CORE\src\Error\BaseErrorHandler.php, line 146
App\Controller\RecomendacionsController::edit() - APP/Controller\RecomendacionsController.php, line 330
Cake\Controller\Controller::invokeAction() - CORE\src\Controller\Controller.php, line 435
Cake\Routing\Dispatcher::_invoke() - CORE\src\Routing\Dispatcher.php, line 115
Cake\Routing\Dispatcher::dispatch() - CORE\src\Routing\Dispatcher.php, line 88
[main] - ROOT\webroot\index.php, line 37



2016-09-15 06:54:41 Notice: Notice (8): Undefined index: descripcion in [C:\wamp\www\sip_dev\src\Controller\RecomendacionsController.php, line 331]
Request URL: /sip_dev/recomendacions/edit/19
Referer URL: http://localhost/sip_dev/recomendacions/edit/19
Trace:
Cake\Error\BaseErrorHandler::handleError() - CORE\src\Error\BaseErrorHandler.php, line 146
App\Controller\RecomendacionsController::edit() - APP/Controller\RecomendacionsController.php, line 331
Cake\Controller\Controller::invokeAction() - CORE\src\Controller\Controller.php, line 435
Cake\Routing\Dispatcher::_invoke() - CORE\src\Routing\Dispatcher.php, line 115
Cake\Routing\Dispatcher::dispatch() - CORE\src\Routing\Dispatcher.php, line 88
[main] - ROOT\webroot\index.php, line 37



2016-09-15 06:54:52 Notice: Notice (8): Undefined index: codigo in [C:\wamp\www\sip_dev\src\Controller\RecomendacionsController.php, line 330]
Request URL: /sip_dev/recomendacions/edit/19
Referer URL: http://localhost/sip_dev/recomendacions/edit/19
Trace:
Cake\Error\BaseErrorHandler::handleError() - CORE\src\Error\BaseErrorHandler.php, line 146
App\Controller\RecomendacionsController::edit() - APP/Controller\RecomendacionsController.php, line 330
Cake\Controller\Controller::invokeAction() - CORE\src\Controller\Controller.php, line 435
Cake\Routing\Dispatcher::_invoke() - CORE\src\Routing\Dispatcher.php, line 115
Cake\Routing\Dispatcher::dispatch() - CORE\src\Routing\Dispatcher.php, line 88
[main] - ROOT\webroot\index.php, line 37



2016-09-15 06:54:52 Notice: Notice (8): Undefined index: descripcion in [C:\wamp\www\sip_dev\src\Controller\RecomendacionsController.php, line 331]
Request URL: /sip_dev/recomendacions/edit/19
Referer URL: http://localhost/sip_dev/recomendacions/edit/19
Trace:
Cake\Error\BaseErrorHandler::handleError() - CORE\src\Error\BaseErrorHandler.php, line 146
App\Controller\RecomendacionsController::edit() - APP/Controller\RecomendacionsController.php, line 331
Cake\Controller\Controller::invokeAction() - CORE\src\Controller\Controller.php, line 435
Cake\Routing\Dispatcher::_invoke() - CORE\src\Routing\Dispatcher.php, line 115
Cake\Routing\Dispatcher::dispatch() - CORE\src\Routing\Dispatcher.php, line 88
[main] - ROOT\webroot\index.php, line 37



2016-09-15 06:55:29 Notice: Notice (8): Undefined index: codigo in [C:\wamp\www\sip_dev\src\Controller\RecomendacionsController.php, line 330]
Request URL: /sip_dev/recomendacions/edit/19
Referer URL: http://localhost/sip_dev/recomendacions/edit/19
Trace:
Cake\Error\BaseErrorHandler::handleError() - CORE\src\Error\BaseErrorHandler.php, line 146
App\Controller\RecomendacionsController::edit() - APP/Controller\RecomendacionsController.php, line 330
Cake\Controller\Controller::invokeAction() - CORE\src\Controller\Controller.php, line 435
Cake\Routing\Dispatcher::_invoke() - CORE\src\Routing\Dispatcher.php, line 115
Cake\Routing\Dispatcher::dispatch() - CORE\src\Routing\Dispatcher.php, line 88
[main] - ROOT\webroot\index.php, line 37



2016-09-15 06:55:29 Notice: Notice (8): Undefined index: descripcion in [C:\wamp\www\sip_dev\src\Controller\RecomendacionsController.php, line 331]
Request URL: /sip_dev/recomendacions/edit/19
Referer URL: http://localhost/sip_dev/recomendacions/edit/19
Trace:
Cake\Error\BaseErrorHandler::handleError() - CORE\src\Error\BaseErrorHandler.php, line 146
App\Controller\RecomendacionsController::edit() - APP/Controller\RecomendacionsController.php, line 331
Cake\Controller\Controller::invokeAction() - CORE\src\Controller\Controller.php, line 435
Cake\Routing\Dispatcher::_invoke() - CORE\src\Routing\Dispatcher.php, line 115
Cake\Routing\Dispatcher::dispatch() - CORE\src\Routing\Dispatcher.php, line 88
[main] - ROOT\webroot\index.php, line 37



2016-09-15 07:05:53 Notice: Notice (8): Undefined index: codigo in [C:\wamp\www\sip_dev\src\Controller\RecomendacionsController.php, line 330]
Request URL: /sip_dev/recomendacions/edit/19
Referer URL: http://localhost/sip_dev/recomendacions/edit/19
Trace:
Cake\Error\BaseErrorHandler::handleError() - CORE\src\Error\BaseErrorHandler.php, line 146
App\Controller\RecomendacionsController::edit() - APP/Controller\RecomendacionsController.php, line 330
Cake\Controller\Controller::invokeAction() - CORE\src\Controller\Controller.php, line 435
Cake\Routing\Dispatcher::_invoke() - CORE\src\Routing\Dispatcher.php, line 115
Cake\Routing\Dispatcher::dispatch() - CORE\src\Routing\Dispatcher.php, line 88
[main] - ROOT\webroot\index.php, line 37



2016-09-15 07:05:53 Notice: Notice (8): Undefined index: descripcion in [C:\wamp\www\sip_dev\src\Controller\RecomendacionsController.php, line 331]
Request URL: /sip_dev/recomendacions/edit/19
Referer URL: http://localhost/sip_dev/recomendacions/edit/19
Trace:
Cake\Error\BaseErrorHandler::handleError() - CORE\src\Error\BaseErrorHandler.php, line 146
App\Controller\RecomendacionsController::edit() - APP/Controller\RecomendacionsController.php, line 331
Cake\Controller\Controller::invokeAction() - CORE\src\Controller\Controller.php, line 435
Cake\Routing\Dispatcher::_invoke() - CORE\src\Routing\Dispatcher.php, line 115
Cake\Routing\Dispatcher::dispatch() - CORE\src\Routing\Dispatcher.php, line 88
[main] - ROOT\webroot\index.php, line 37



2016-09-15 07:09:07 Notice: Notice (8): Undefined index: codigo in [C:\wamp\www\sip_dev\src\Controller\RecomendacionsController.php, line 330]
Request URL: /sip_dev/recomendacions/edit/19
Referer URL: http://localhost/sip_dev/recomendacions/edit/19
Trace:
Cake\Error\BaseErrorHandler::handleError() - CORE\src\Error\BaseErrorHandler.php, line 146
App\Controller\RecomendacionsController::edit() - APP/Controller\RecomendacionsController.php, line 330
Cake\Controller\Controller::invokeAction() - CORE\src\Controller\Controller.php, line 435
Cake\Routing\Dispatcher::_invoke() - CORE\src\Routing\Dispatcher.php, line 115
Cake\Routing\Dispatcher::dispatch() - CORE\src\Routing\Dispatcher.php, line 88
[main] - ROOT\webroot\index.php, line 37



2016-09-15 07:09:07 Notice: Notice (8): Undefined index: descripcion in [C:\wamp\www\sip_dev\src\Controller\RecomendacionsController.php, line 331]
Request URL: /sip_dev/recomendacions/edit/19
Referer URL: http://localhost/sip_dev/recomendacions/edit/19
Trace:
Cake\Error\BaseErrorHandler::handleError() - CORE\src\Error\BaseErrorHandler.php, line 146
App\Controller\RecomendacionsController::edit() - APP/Controller\RecomendacionsController.php, line 331
Cake\Controller\Controller::invokeAction() - CORE\src\Controller\Controller.php, line 435
Cake\Routing\Dispatcher::_invoke() - CORE\src\Routing\Dispatcher.php, line 115
Cake\Routing\Dispatcher::dispatch() - CORE\src\Routing\Dispatcher.php, line 88
[main] - ROOT\webroot\index.php, line 37



2016-09-16 03:24:53 Notice: Notice (8): Use of undefined constant user_add - assumed 'user_add' in [C:\wamp\www\sip_dev\src\Controller\UsersController.php, line 91]
Request URL: /sip_dev/users/add
Referer URL: http://localhost/sip_dev/users/add
Trace:
Cake\Error\BaseErrorHandler::handleError() - CORE\src\Error\BaseErrorHandler.php, line 146
App\Controller\UsersController::add() - APP/Controller\UsersController.php, line 91
Cake\Controller\Controller::invokeAction() - CORE\src\Controller\Controller.php, line 435
Cake\Routing\Dispatcher::_invoke() - CORE\src\Routing\Dispatcher.php, line 115
Cake\Routing\Dispatcher::dispatch() - CORE\src\Routing\Dispatcher.php, line 88
[main] - ROOT\webroot\index.php, line 37



2016-11-30 01:43:37 Notice: Notice (8): Trying to get property of non-object in [C:\wamp\www\sip_dev\src\Template\Pages\home.ctp, line 149]
Request URL: /sip_dev/
Referer URL: http://localhost/sip_dev/recomendacions
Trace:
Cake\Error\BaseErrorHandler::handleError() - CORE\src\Error\BaseErrorHandler.php, line 146
include - APP/Template\Pages\home.ctp, line 149
Cake\View\View::_evaluate() - CORE\src\View\View.php, line 1005
Cake\View\View::_render() - CORE\src\View\View.php, line 964
Cake\View\View::render() - CORE\src\View\View.php, line 588
Cake\Controller\Controller::render() - CORE\src\Controller\Controller.php, line 617
Cake\Routing\Dispatcher::_invoke() - CORE\src\Routing\Dispatcher.php, line 121
Cake\Routing\Dispatcher::dispatch() - CORE\src\Routing\Dispatcher.php, line 88
[main] - ROOT\webroot\index.php, line 37



2016-11-30 01:43:37 Notice: Notice (8): Trying to get property of non-object in [C:\wamp\www\sip_dev\src\Template\Pages\home.ctp, line 149]
Request URL: /sip_dev/
Referer URL: http://localhost/sip_dev/recomendacions
Trace:
Cake\Error\BaseErrorHandler::handleError() - CORE\src\Error\BaseErrorHandler.php, line 146
include - APP/Template\Pages\home.ctp, line 149
Cake\View\View::_evaluate() - CORE\src\View\View.php, line 1005
Cake\View\View::_render() - CORE\src\View\View.php, line 964
Cake\View\View::render() - CORE\src\View\View.php, line 588
Cake\Controller\Controller::render() - CORE\src\Controller\Controller.php, line 617
Cake\Routing\Dispatcher::_invoke() - CORE\src\Routing\Dispatcher.php, line 121
Cake\Routing\Dispatcher::dispatch() - CORE\src\Routing\Dispatcher.php, line 88
[main] - ROOT\webroot\index.php, line 37



2016-11-30 01:43:37 Notice: Notice (8): Trying to get property of non-object in [C:\wamp\www\sip_dev\src\Template\Pages\home.ctp, line 149]
Request URL: /sip_dev/
Referer URL: http://localhost/sip_dev/recomendacions
Trace:
Cake\Error\BaseErrorHandler::handleError() - CORE\src\Error\BaseErrorHandler.php, line 146
include - APP/Template\Pages\home.ctp, line 149
Cake\View\View::_evaluate() - CORE\src\View\View.php, line 1005
Cake\View\View::_render() - CORE\src\View\View.php, line 964
Cake\View\View::render() - CORE\src\View\View.php, line 588
Cake\Controller\Controller::render() - CORE\src\Controller\Controller.php, line 617
Cake\Routing\Dispatcher::_invoke() - CORE\src\Routing\Dispatcher.php, line 121
Cake\Routing\Dispatcher::dispatch() - CORE\src\Routing\Dispatcher.php, line 88
[main] - ROOT\webroot\index.php, line 37



2016-11-30 01:43:37 Notice: Notice (8): Trying to get property of non-object in [C:\wamp\www\sip_dev\src\Template\Pages\home.ctp, line 149]
Request URL: /sip_dev/
Referer URL: http://localhost/sip_dev/recomendacions
Trace:
Cake\Error\BaseErrorHandler::handleError() - CORE\src\Error\BaseErrorHandler.php, line 146
include - APP/Template\Pages\home.ctp, line 149
Cake\View\View::_evaluate() - CORE\src\View\View.php, line 1005
Cake\View\View::_render() - CORE\src\View\View.php, line 964
Cake\View\View::render() - CORE\src\View\View.php, line 588
Cake\Controller\Controller::render() - CORE\src\Controller\Controller.php, line 617
Cake\Routing\Dispatcher::_invoke() - CORE\src\Routing\Dispatcher.php, line 121
Cake\Routing\Dispatcher::dispatch() - CORE\src\Routing\Dispatcher.php, line 88
[main] - ROOT\webroot\index.php, line 37



2016-11-30 01:43:37 Notice: Notice (8): Trying to get property of non-object in [C:\wamp\www\sip_dev\src\Template\Pages\home.ctp, line 149]
Request URL: /sip_dev/
Referer URL: http://localhost/sip_dev/recomendacions
Trace:
Cake\Error\BaseErrorHandler::handleError() - CORE\src\Error\BaseErrorHandler.php, line 146
include - APP/Template\Pages\home.ctp, line 149
Cake\View\View::_evaluate() - CORE\src\View\View.php, line 1005
Cake\View\View::_render() - CORE\src\View\View.php, line 964
Cake\View\View::render() - CORE\src\View\View.php, line 588
Cake\Controller\Controller::render() - CORE\src\Controller\Controller.php, line 617
Cake\Routing\Dispatcher::_invoke() - CORE\src\Routing\Dispatcher.php, line 121
Cake\Routing\Dispatcher::dispatch() - CORE\src\Routing\Dispatcher.php, line 88
[main] - ROOT\webroot\index.php, line 37



2016-11-30 01:43:37 Notice: Notice (8): Trying to get property of non-object in [C:\wamp\www\sip_dev\src\Template\Pages\home.ctp, line 149]
Request URL: /sip_dev/
Referer URL: http://localhost/sip_dev/recomendacions
Trace:
Cake\Error\BaseErrorHandler::handleError() - CORE\src\Error\BaseErrorHandler.php, line 146
include - APP/Template\Pages\home.ctp, line 149
Cake\View\View::_evaluate() - CORE\src\View\View.php, line 1005
Cake\View\View::_render() - CORE\src\View\View.php, line 964
Cake\View\View::render() - CORE\src\View\View.php, line 588
Cake\Controller\Controller::render() - CORE\src\Controller\Controller.php, line 617
Cake\Routing\Dispatcher::_invoke() - CORE\src\Routing\Dispatcher.php, line 121
Cake\Routing\Dispatcher::dispatch() - CORE\src\Routing\Dispatcher.php, line 88
[main] - ROOT\webroot\index.php, line 37



2016-11-30 01:43:37 Notice: Notice (8): Trying to get property of non-object in [C:\wamp\www\sip_dev\src\Template\Pages\home.ctp, line 149]
Request URL: /sip_dev/
Referer URL: http://localhost/sip_dev/recomendacions
Trace:
Cake\Error\BaseErrorHandler::handleError() - CORE\src\Error\BaseErrorHandler.php, line 146
include - APP/Template\Pages\home.ctp, line 149
Cake\View\View::_evaluate() - CORE\src\View\View.php, line 1005
Cake\View\View::_render() - CORE\src\View\View.php, line 964
Cake\View\View::render() - CORE\src\View\View.php, line 588
Cake\Controller\Controller::render() - CORE\src\Controller\Controller.php, line 617
Cake\Routing\Dispatcher::_invoke() - CORE\src\Routing\Dispatcher.php, line 121
Cake\Routing\Dispatcher::dispatch() - CORE\src\Routing\Dispatcher.php, line 88
[main] - ROOT\webroot\index.php, line 37



2016-11-30 01:43:37 Notice: Notice (8): Trying to get property of non-object in [C:\wamp\www\sip_dev\src\Template\Pages\home.ctp, line 149]
Request URL: /sip_dev/
Referer URL: http://localhost/sip_dev/recomendacions
Trace:
Cake\Error\BaseErrorHandler::handleError() - CORE\src\Error\BaseErrorHandler.php, line 146
include - APP/Template\Pages\home.ctp, line 149
Cake\View\View::_evaluate() - CORE\src\View\View.php, line 1005
Cake\View\View::_render() - CORE\src\View\View.php, line 964
Cake\View\View::render() - CORE\src\View\View.php, line 588
Cake\Controller\Controller::render() - CORE\src\Controller\Controller.php, line 617
Cake\Routing\Dispatcher::_invoke() - CORE\src\Routing\Dispatcher.php, line 121
Cake\Routing\Dispatcher::dispatch() - CORE\src\Routing\Dispatcher.php, line 88
[main] - ROOT\webroot\index.php, line 37



2016-11-30 01:43:37 Notice: Notice (8): Trying to get property of non-object in [C:\wamp\www\sip_dev\src\Template\Pages\home.ctp, line 149]
Request URL: /sip_dev/
Referer URL: http://localhost/sip_dev/recomendacions
Trace:
Cake\Error\BaseErrorHandler::handleError() - CORE\src\Error\BaseErrorHandler.php, line 146
include - APP/Template\Pages\home.ctp, line 149
Cake\View\View::_evaluate() - CORE\src\View\View.php, line 1005
Cake\View\View::_render() - CORE\src\View\View.php, line 964
Cake\View\View::render() - CORE\src\View\View.php, line 588
Cake\Controller\Controller::render() - CORE\src\Controller\Controller.php, line 617
Cake\Routing\Dispatcher::_invoke() - CORE\src\Routing\Dispatcher.php, line 121
Cake\Routing\Dispatcher::dispatch() - CORE\src\Routing\Dispatcher.php, line 88
[main] - ROOT\webroot\index.php, line 37



2016-11-30 01:43:37 Notice: Notice (8): Trying to get property of non-object in [C:\wamp\www\sip_dev\src\Template\Pages\home.ctp, line 149]
Request URL: /sip_dev/
Referer URL: http://localhost/sip_dev/recomendacions
Trace:
Cake\Error\BaseErrorHandler::handleError() - CORE\src\Error\BaseErrorHandler.php, line 146
include - APP/Template\Pages\home.ctp, line 149
Cake\View\View::_evaluate() - CORE\src\View\View.php, line 1005
Cake\View\View::_render() - CORE\src\View\View.php, line 964
Cake\View\View::render() - CORE\src\View\View.php, line 588
Cake\Controller\Controller::render() - CORE\src\Controller\Controller.php, line 617
Cake\Routing\Dispatcher::_invoke() - CORE\src\Routing\Dispatcher.php, line 121
Cake\Routing\Dispatcher::dispatch() - CORE\src\Routing\Dispatcher.php, line 88
[main] - ROOT\webroot\index.php, line 37



2016-12-18 03:01:15 Notice: Notice (8): Array to string conversion in [C:\wamp\www\sip_dev\vendor\cakephp\cakephp\src\Validation\Validator.php, line 1550]
Request URL: /sip_dev/recomendacions/add
Referer URL: http://localhost/sip_dev/recomendacions/add
Trace:
Cake\Error\BaseErrorHandler::handleError() - CORE\src\Error\BaseErrorHandler.php, line 146
implode - [internal], line ??
Cake\Validation\Validator::_fieldIsEmpty() - CORE\src\Validation\Validator.php, line 1550
Cake\Validation\Validator::errors() - CORE\src\Validation\Validator.php, line 124
Cake\ORM\Marshaller::_validate() - CORE\src\ORM\Marshaller.php, line 215
Cake\ORM\Marshaller::merge() - CORE\src\ORM\Marshaller.php, line 504
Cake\ORM\Table::patchEntity() - CORE\src\ORM\Table.php, line 2206
App\Controller\RecomendacionsController::add() - APP/Controller\RecomendacionsController.php, line 93
Cake\Controller\Controller::invokeAction() - CORE\src\Controller\Controller.php, line 435
Cake\Routing\Dispatcher::_invoke() - CORE\src\Routing\Dispatcher.php, line 115
Cake\Routing\Dispatcher::dispatch() - CORE\src\Routing\Dispatcher.php, line 88
[main] - ROOT\webroot\index.php, line 37



2016-12-18 03:01:15 Notice: Notice (8): Array to string conversion in [C:\wamp\www\sip_dev\vendor\cakephp\cakephp\src\Validation\Validator.php, line 1550]
Request URL: /sip_dev/recomendacions/add
Referer URL: http://localhost/sip_dev/recomendacions/add
Trace:
Cake\Error\BaseErrorHandler::handleError() - CORE\src\Error\BaseErrorHandler.php, line 146
implode - [internal], line ??
Cake\Validation\Validator::_fieldIsEmpty() - CORE\src\Validation\Validator.php, line 1550
Cake\Validation\Validator::errors() - CORE\src\Validation\Validator.php, line 124
Cake\ORM\Marshaller::_validate() - CORE\src\ORM\Marshaller.php, line 215
Cake\ORM\Marshaller::merge() - CORE\src\ORM\Marshaller.php, line 504
Cake\ORM\Table::patchEntity() - CORE\src\ORM\Table.php, line 2206
App\Controller\RecomendacionsController::add() - APP/Controller\RecomendacionsController.php, line 93
Cake\Controller\Controller::invokeAction() - CORE\src\Controller\Controller.php, line 435
Cake\Routing\Dispatcher::_invoke() - CORE\src\Routing\Dispatcher.php, line 115
Cake\Routing\Dispatcher::dispatch() - CORE\src\Routing\Dispatcher.php, line 88
[main] - ROOT\webroot\index.php, line 37



2016-12-18 03:02:15 Notice: Notice (8): Array to string conversion in [C:\wamp\www\sip_dev\vendor\cakephp\cakephp\src\Validation\Validator.php, line 1550]
Request URL: /sip_dev/recomendacions/add
Referer URL: http://localhost/sip_dev/recomendacions/add
Trace:
Cake\Error\BaseErrorHandler::handleError() - CORE\src\Error\BaseErrorHandler.php, line 146
implode - [internal], line ??
Cake\Validation\Validator::_fieldIsEmpty() - CORE\src\Validation\Validator.php, line 1550
Cake\Validation\Validator::errors() - CORE\src\Validation\Validator.php, line 124
Cake\ORM\Marshaller::_validate() - CORE\src\ORM\Marshaller.php, line 215
Cake\ORM\Marshaller::merge() - CORE\src\ORM\Marshaller.php, line 504
Cake\ORM\Table::patchEntity() - CORE\src\ORM\Table.php, line 2206
App\Controller\RecomendacionsController::add() - APP/Controller\RecomendacionsController.php, line 94
Cake\Controller\Controller::invokeAction() - CORE\src\Controller\Controller.php, line 435
Cake\Routing\Dispatcher::_invoke() - CORE\src\Routing\Dispatcher.php, line 115
Cake\Routing\Dispatcher::dispatch() - CORE\src\Routing\Dispatcher.php, line 88
[main] - ROOT\webroot\index.php, line 37



2016-12-18 03:02:15 Notice: Notice (8): Array to string conversion in [C:\wamp\www\sip_dev\vendor\cakephp\cakephp\src\Validation\Validator.php, line 1550]
Request URL: /sip_dev/recomendacions/add
Referer URL: http://localhost/sip_dev/recomendacions/add
Trace:
Cake\Error\BaseErrorHandler::handleError() - CORE\src\Error\BaseErrorHandler.php, line 146
implode - [internal], line ??
Cake\Validation\Validator::_fieldIsEmpty() - CORE\src\Validation\Validator.php, line 1550
Cake\Validation\Validator::errors() - CORE\src\Validation\Validator.php, line 124
Cake\ORM\Marshaller::_validate() - CORE\src\ORM\Marshaller.php, line 215
Cake\ORM\Marshaller::merge() - CORE\src\ORM\Marshaller.php, line 504
Cake\ORM\Table::patchEntity() - CORE\src\ORM\Table.php, line 2206
App\Controller\RecomendacionsController::add() - APP/Controller\RecomendacionsController.php, line 94
Cake\Controller\Controller::invokeAction() - CORE\src\Controller\Controller.php, line 435
Cake\Routing\Dispatcher::_invoke() - CORE\src\Routing\Dispatcher.php, line 115
Cake\Routing\Dispatcher::dispatch() - CORE\src\Routing\Dispatcher.php, line 88
[main] - ROOT\webroot\index.php, line 37



2016-12-18 03:02:48 Notice: Notice (8): Array to string conversion in [C:\wamp\www\sip_dev\vendor\cakephp\cakephp\src\Validation\Validator.php, line 1550]
Request URL: /sip_dev/recomendacions/add
Referer URL: http://localhost/sip_dev/recomendacions/add
Trace:
Cake\Error\BaseErrorHandler::handleError() - CORE\src\Error\BaseErrorHandler.php, line 146
implode - [internal], line ??
Cake\Validation\Validator::_fieldIsEmpty() - CORE\src\Validation\Validator.php, line 1550
Cake\Validation\Validator::errors() - CORE\src\Validation\Validator.php, line 124
Cake\ORM\Marshaller::_validate() - CORE\src\ORM\Marshaller.php, line 215
Cake\ORM\Marshaller::merge() - CORE\src\ORM\Marshaller.php, line 504
Cake\ORM\Table::patchEntity() - CORE\src\ORM\Table.php, line 2206
App\Controller\RecomendacionsController::add() - APP/Controller\RecomendacionsController.php, line 94
Cake\Controller\Controller::invokeAction() - CORE\src\Controller\Controller.php, line 435
Cake\Routing\Dispatcher::_invoke() - CORE\src\Routing\Dispatcher.php, line 115
Cake\Routing\Dispatcher::dispatch() - CORE\src\Routing\Dispatcher.php, line 88
[main] - ROOT\webroot\index.php, line 37



2016-12-18 03:02:48 Notice: Notice (8): Array to string conversion in [C:\wamp\www\sip_dev\vendor\cakephp\cakephp\src\Validation\Validator.php, line 1550]
Request URL: /sip_dev/recomendacions/add
Referer URL: http://localhost/sip_dev/recomendacions/add
Trace:
Cake\Error\BaseErrorHandler::handleError() - CORE\src\Error\BaseErrorHandler.php, line 146
implode - [internal], line ??
Cake\Validation\Validator::_fieldIsEmpty() - CORE\src\Validation\Validator.php, line 1550
Cake\Validation\Validator::errors() - CORE\src\Validation\Validator.php, line 124
Cake\ORM\Marshaller::_validate() - CORE\src\ORM\Marshaller.php, line 215
Cake\ORM\Marshaller::merge() - CORE\src\ORM\Marshaller.php, line 504
Cake\ORM\Table::patchEntity() - CORE\src\ORM\Table.php, line 2206
App\Controller\RecomendacionsController::add() - APP/Controller\RecomendacionsController.php, line 94
Cake\Controller\Controller::invokeAction() - CORE\src\Controller\Controller.php, line 435
Cake\Routing\Dispatcher::_invoke() - CORE\src\Routing\Dispatcher.php, line 115
Cake\Routing\Dispatcher::dispatch() - CORE\src\Routing\Dispatcher.php, line 88
[main] - ROOT\webroot\index.php, line 37



2016-12-18 03:03:36 Notice: Notice (8): Array to string conversion in [C:\wamp\www\sip_dev\vendor\cakephp\cakephp\src\Validation\Validator.php, line 1550]
Request URL: /sip_dev/recomendacions/add
Referer URL: http://localhost/sip_dev/recomendacions/add
Trace:
Cake\Error\BaseErrorHandler::handleError() - CORE\src\Error\BaseErrorHandler.php, line 146
implode - [internal], line ??
Cake\Validation\Validator::_fieldIsEmpty() - CORE\src\Validation\Validator.php, line 1550
Cake\Validation\Validator::errors() - CORE\src\Validation\Validator.php, line 124
Cake\ORM\Marshaller::_validate() - CORE\src\ORM\Marshaller.php, line 215
Cake\ORM\Marshaller::merge() - CORE\src\ORM\Marshaller.php, line 504
Cake\ORM\Table::patchEntity() - CORE\src\ORM\Table.php, line 2206
App\Controller\RecomendacionsController::add() - APP/Controller\RecomendacionsController.php, line 94
Cake\Controller\Controller::invokeAction() - CORE\src\Controller\Controller.php, line 435
Cake\Routing\Dispatcher::_invoke() - CORE\src\Routing\Dispatcher.php, line 115
Cake\Routing\Dispatcher::dispatch() - CORE\src\Routing\Dispatcher.php, line 88
[main] - ROOT\webroot\index.php, line 37



2016-12-18 03:03:36 Notice: Notice (8): Array to string conversion in [C:\wamp\www\sip_dev\vendor\cakephp\cakephp\src\Validation\Validator.php, line 1550]
Request URL: /sip_dev/recomendacions/add
Referer URL: http://localhost/sip_dev/recomendacions/add
Trace:
Cake\Error\BaseErrorHandler::handleError() - CORE\src\Error\BaseErrorHandler.php, line 146
implode - [internal], line ??
Cake\Validation\Validator::_fieldIsEmpty() - CORE\src\Validation\Validator.php, line 1550
Cake\Validation\Validator::errors() - CORE\src\Validation\Validator.php, line 124
Cake\ORM\Marshaller::_validate() - CORE\src\ORM\Marshaller.php, line 215
Cake\ORM\Marshaller::merge() - CORE\src\ORM\Marshaller.php, line 504
Cake\ORM\Table::patchEntity() - CORE\src\ORM\Table.php, line 2206
App\Controller\RecomendacionsController::add() - APP/Controller\RecomendacionsController.php, line 94
Cake\Controller\Controller::invokeAction() - CORE\src\Controller\Controller.php, line 435
Cake\Routing\Dispatcher::_invoke() - CORE\src\Routing\Dispatcher.php, line 115
Cake\Routing\Dispatcher::dispatch() - CORE\src\Routing\Dispatcher.php, line 88
[main] - ROOT\webroot\index.php, line 37



2016-12-18 03:15:28 Notice: Notice (8): Array to string conversion in [C:\wamp\www\sip_dev\vendor\cakephp\cakephp\src\Validation\Validator.php, line 1550]
Request URL: /sip_dev/recomendacions/add
Referer URL: http://localhost/sip_dev/recomendacions/add
Trace:
Cake\Error\BaseErrorHandler::handleError() - CORE\src\Error\BaseErrorHandler.php, line 146
implode - [internal], line ??
Cake\Validation\Validator::_fieldIsEmpty() - CORE\src\Validation\Validator.php, line 1550
Cake\Validation\Validator::errors() - CORE\src\Validation\Validator.php, line 124
Cake\ORM\Marshaller::_validate() - CORE\src\ORM\Marshaller.php, line 215
Cake\ORM\Marshaller::merge() - CORE\src\ORM\Marshaller.php, line 504
Cake\ORM\Table::patchEntity() - CORE\src\ORM\Table.php, line 2206
App\Controller\RecomendacionsController::add() - APP/Controller\RecomendacionsController.php, line 95
Cake\Controller\Controller::invokeAction() - CORE\src\Controller\Controller.php, line 435
Cake\Routing\Dispatcher::_invoke() - CORE\src\Routing\Dispatcher.php, line 115
Cake\Routing\Dispatcher::dispatch() - CORE\src\Routing\Dispatcher.php, line 88
[main] - ROOT\webroot\index.php, line 37



2016-12-18 03:15:28 Notice: Notice (8): Array to string conversion in [C:\wamp\www\sip_dev\vendor\cakephp\cakephp\src\Validation\Validator.php, line 1550]
Request URL: /sip_dev/recomendacions/add
Referer URL: http://localhost/sip_dev/recomendacions/add
Trace:
Cake\Error\BaseErrorHandler::handleError() - CORE\src\Error\BaseErrorHandler.php, line 146
implode - [internal], line ??
Cake\Validation\Validator::_fieldIsEmpty() - CORE\src\Validation\Validator.php, line 1550
Cake\Validation\Validator::errors() - CORE\src\Validation\Validator.php, line 124
Cake\ORM\Marshaller::_validate() - CORE\src\ORM\Marshaller.php, line 215
Cake\ORM\Marshaller::merge() - CORE\src\ORM\Marshaller.php, line 504
Cake\ORM\Table::patchEntity() - CORE\src\ORM\Table.php, line 2206
App\Controller\RecomendacionsController::add() - APP/Controller\RecomendacionsController.php, line 95
Cake\Controller\Controller::invokeAction() - CORE\src\Controller\Controller.php, line 435
Cake\Routing\Dispatcher::_invoke() - CORE\src\Routing\Dispatcher.php, line 115
Cake\Routing\Dispatcher::dispatch() - CORE\src\Routing\Dispatcher.php, line 88
[main] - ROOT\webroot\index.php, line 37



